<?xml version="1.0" encoding="UTF-8"?>
<!-- Generated by org.testng.reporters.JUnitReportReporter -->
<testsuite skipped="0" hostname="Arjun-PC" name="com.primusbank.tests.PrimusBankHybridTest" tests="1" failures="0" timestamp="07 Apr 2018 13:45:12 GMT" time="14.803" errors="0">
  <testcase name="keywrodDrivenTest" time="14.803" classname="com.primusbank.tests.PrimusBankHybridTest"/>
</testsuite> <!-- com.primusbank.tests.PrimusBankHybridTest -->
